[0m10:37:33.966110 [debug] [MainThread]: Sending event: {'category': 'dbt', 'action': 'invocation', 'label': 'start', 'context': [<snowplow_tracker.self_describing_json.SelfDescribingJson object at 0x000001E0EB301010>, <snowplow_tracker.self_describing_json.SelfDescribingJson object at 0x000001E0EDA03D90>, <snowplow_tracker.self_describing_json.SelfDescribingJson object at 0x000001E0EDA03610>]}


============================== 10:37:33.974125 | 065ef2e4-b418-46e9-9b6f-1b400a059c67 ==============================
[0m10:37:33.974125 [info ] [MainThread]: Running with dbt=1.12.0
[0m10:37:33.975358 [debug] [MainThread]: running dbt with arguments {'version_check': 'True', 'no_print': 'None', 'maximum_seed_size_mib': '1', 'warn_error_options': 'WarnErrorOptionsV2(error=[], warn=[], silence=[])', 'target_path': 'None', 'static_parser': 'True', 'printer_width': '80', 'write_json': 'True', 'empty': 'None', 'log_cache_events': 'False', 'introspect': 'True', 'cache_selected_only': 'False', 'fail_fast': 'False', 'debug': 'False', 'log_format': 'default', 'profiles_dir': 'C:\\Users\\yatin\\.dbt', 'send_anonymous_usage_stats': 'True', 'quiet': 'False', 'warn_error': 'None', 'partial_parse': 'True', 'use_colors': 'True', 'hints_enabled': 'True', 'indirect_selection': 'eager', 'use_experimental_parser': 'False', 'invocation_command': 'dbt init atmosync', 'log_path': 'logs'}
[0m10:37:34.025269 [debug] [MainThread]: Starter project path: C:\Users\yatin\OneDrive\Desktop\atmoSync\.venv\Lib\site-packages\dbt\include\starter_project
[0m10:37:34.068173 [info ] [MainThread]: Setting up your profile.
[0m10:39:05.394005 [info ] [MainThread]: Running dbt debug to validate the project...
[0m10:39:05.395286 [info ] [MainThread]: dbt version: 1.12.0
[0m10:39:05.395986 [info ] [MainThread]: python version: 3.13.7
[0m10:39:05.396699 [info ] [MainThread]: python path: C:\Users\yatin\OneDrive\Desktop\atmoSync\.venv\Scripts\python.exe
[0m10:39:05.397381 [info ] [MainThread]: os info: Windows-11-10.0.26200-SP0
[0m10:39:05.526923 [info ] [MainThread]: Using profiles dir at C:\Users\yatin\.dbt
[0m10:39:05.527862 [info ] [MainThread]: Using profiles.yml file at C:\Users\yatin\.dbt\profiles.yml
[0m10:39:05.528580 [info ] [MainThread]: Using dbt_project.yml file at C:\Users\yatin\OneDrive\Desktop\atmoSync\dbt\atmosync\dbt_project.yml
[0m10:39:05.574600 [info ] [MainThread]: adapter type: duckdb
[0m10:39:05.575600 [info ] [MainThread]: adapter version: 1.10.1
[0m10:39:05.754081 [info ] [MainThread]: Configuration:
[0m10:39:05.755117 [info ] [MainThread]:   profiles.yml file [[32mOK found and valid[0m]
[0m10:39:05.755932 [info ] [MainThread]:   dbt_project.yml file [[32mOK found and valid[0m]
[0m10:39:05.756771 [info ] [MainThread]: Required dependencies:
[0m10:39:05.757536 [debug] [MainThread]: Executing "git --help"
[0m10:39:05.853258 [debug] [MainThread]: STDOUT: "b"usage: git [-v | --version] [-h | --help] [-C <path>] [-c <name>=<value>]\n           [--exec-path[=<path>]] [--html-path] [--man-path] [--info-path]\n           [-p | --paginate | -P | --no-pager] [--no-replace-objects] [--no-lazy-fetch]\n           [--no-optional-locks] [--no-advice] [--bare] [--git-dir=<path>]\n           [--work-tree=<path>] [--namespace=<name>] [--config-env=<name>=<envvar>]\n           <command> [<args>]\n\nThese are common Git commands used in various situations:\n\nstart a working area (see also: git help tutorial)\n   clone      Clone a repository into a new directory\n   init       Create an empty Git repository or reinitialize an existing one\n\nwork on the current change (see also: git help everyday)\n   add        Add file contents to the index\n   mv         Move or rename a file, a directory, or a symlink\n   restore    Restore working tree files\n   rm         Remove files from the working tree and from the index\n\nexamine the history and state (see also: git help revisions)\n   bisect     Use binary search to find the commit that introduced a bug\n   diff       Show changes between commits, commit and working tree, etc\n   grep       Print lines matching a pattern\n   log        Show commit logs\n   show       Show various types of objects\n   status     Show the working tree status\n\ngrow, mark and tweak your common history\n   backfill   Download missing objects in a partial clone\n   branch     List, create, or delete branches\n   commit     Record changes to the repository\n   history    EXPERIMENTAL: Rewrite history\n   merge      Join two or more development histories together\n   rebase     Reapply commits on top of another base tip\n   reset      Set `HEAD` or the index to a known state\n   switch     Switch branches\n   tag        Create, list, delete or verify tags\n\ncollaborate (see also: git help workflows)\n   fetch      Download objects and refs from another repository\n   pull       Fetch from and integrate with another repository or a local branch\n   push       Update remote refs along with associated objects\n\n'git help -a' and 'git help -g' list available subcommands and some\nconcept guides. See 'git help <command>' or 'git help <concept>'\nto read about a specific subcommand or concept.\nSee 'git help git' for an overview of the system.\n""
[0m10:39:05.854120 [debug] [MainThread]: STDERR: "b''"
[0m10:39:05.854802 [info ] [MainThread]:  - git [[32mOK found[0m]

[0m10:39:05.855432 [info ] [MainThread]: Connection:
[0m10:39:05.856309 [info ] [MainThread]:   database: dev
[0m10:39:05.856957 [info ] [MainThread]:   schema: main
[0m10:39:05.857676 [info ] [MainThread]:   path: dev.duckdb
[0m10:39:05.858501 [info ] [MainThread]:   config_options: None
[0m10:39:05.859241 [info ] [MainThread]:   extensions: None
[0m10:39:05.860009 [info ] [MainThread]:   settings: {}
[0m10:39:05.860705 [info ] [MainThread]:   external_root: .
[0m10:39:05.861516 [info ] [MainThread]:   use_credential_provider: None
[0m10:39:05.862909 [info ] [MainThread]:   attach: None
[0m10:39:05.863708 [info ] [MainThread]:   filesystems: None
[0m10:39:05.864486 [info ] [MainThread]:   remote: None
[0m10:39:05.865208 [info ] [MainThread]:   plugins: None
[0m10:39:05.866059 [info ] [MainThread]:   disable_transactions: False
[0m10:39:05.867375 [info ] [MainThread]: Registered adapter: duckdb=1.10.1
[0m10:39:06.726277 [debug] [MainThread]: Acquiring new duckdb connection 'debug'
[0m10:39:11.794621 [debug] [MainThread]: Using duckdb connection "debug"
[0m10:39:11.795227 [debug] [MainThread]: On debug: select 1 as id
[0m10:39:11.795639 [debug] [MainThread]: Opening a new connection, currently in state init
[0m10:39:11.862536 [debug] [MainThread]: SQL status: OK in 0.067 seconds
[0m10:39:11.863870 [debug] [MainThread]: On debug: Close
[0m10:39:11.865658 [info ] [MainThread]:   Connection test: [[32mOK connection ok[0m]

[0m10:39:11.866455 [info ] [MainThread]: [32mAll checks passed![0m
[0m10:39:11.867779 [info ] [MainThread]: Your new dbt project "atmosync" was created!
Initialized new project in C:\Users\yatin\OneDrive\Desktop\atmoSync\dbt\atmosync\atmosync

For more information on how to configure the profiles.yml file,
please consult the dbt documentation here:

  https://docs.getdbt.com/docs/configure-your-profile

One more thing:

Need help? Don't hesitate to reach out to us via GitHub issues or on Slack:

  https://community.getdbt.com/

Happy modeling!

[0m10:39:11.869511 [debug] [MainThread]: Command `dbt init` succeeded at 10:39:11.869336 after 98.13 seconds
[0m10:39:11.869976 [debug] [MainThread]: Connection 'debug' was properly closed.
[0m10:39:11.870441 [debug] [MainThread]: Sending event: {'category': 'dbt', 'action': 'invocation', 'label': 'end', 'context': [<snowplow_tracker.self_describing_json.SelfDescribingJson object at 0x000001E0EDDDA190>, <snowplow_tracker.self_describing_json.SelfDescribingJson object at 0x000001E0EDA64CB0>, <snowplow_tracker.self_describing_json.SelfDescribingJson object at 0x000001E0EDDD0E20>]}
[0m10:39:11.871000 [debug] [MainThread]: Flushing usage events
[0m10:39:13.822540 [debug] [MainThread]: An error was encountered while trying to flush usage events
